<?xml version="1.0" encoding="UTF-8"?>
<!-- Generated by org.testng.reporters.JUnitXMLReporter -->
<testsuite ignored="0" hostname="DESKTOP-PP2LQR6" failures="1" tests="3" name="Chrome on Windows 10" time="101.132" errors="0" timestamp="2025-01-12T18:17:16 IST">
  <testcase classname="TestNgPKG.window_10_Chrome_TNg" name="Scenario1" time="6.295">
    <failure type="java.lang.AssertionError" message="The following asserts failed:
	Page Title is not as expected! expected [Lambda Test] but found [Selenium Grid Online | Run Selenium Test On Cloud]">
      <![CDATA[java.lang.AssertionError: The following asserts failed:
Page Title is not as expected! expected [Lambda Test] but found [Selenium Grid Online | Run Selenium Test On Cloud]
at TestNgPKG.window_10_Chrome_TNg.Scenario1(window_10_Chrome_TNg.java:78)
at java.base/java.util.concurrent.FutureTask.run(FutureTask.java:317)
at java.base/java.util.concurrent.ThreadPoolExecutor.runWorker(ThreadPoolExecutor.java:1144)
at java.base/java.util.concurrent.ThreadPoolExecutor$Worker.run(ThreadPoolExecutor.java:642)
at java.base/java.lang.Thread.run(Thread.java:1575)
... Removed 8 stack frames]]>
    </failure>
  </testcase> <!-- Scenario1 -->
  <testcase classname="TestNgPKG.window_10_Chrome_TNg" name="Scenario2" time="4.877"/>
  <testcase classname="TestNgPKG.window_10_Chrome_TNg" name="Scenario3" time="7.163"/>
</testsuite> <!-- Chrome on Windows 10 -->
