<?xml version="1.0" encoding="UTF-8"?>
<!-- Generated by org.testng.reporters.JUnitReportReporter -->
<testsuite hostname="DESKTOP-PP2LQR6" failures="1" tests="3" name="TestNgPKG.window_10_FFox_TNg" time="161.281" errors="0" timestamp="2025-01-12T18:18:16 IST" skipped="0">
  <testcase classname="TestNgPKG.window_10_FFox_TNg" name="Scenario2" time="43.169"/>
  <system-out/>
  <testcase classname="TestNgPKG.window_10_FFox_TNg" name="Scenario3" time="54.307"/>
  <system-out/>
  <testcase classname="TestNgPKG.window_10_FFox_TNg" name="Scenario1" time="63.805">
    <failure message="The following asserts failed:
	Page Title is not as expected! expected [Lambda Test] but found [Selenium Grid Online | Run Selenium Test On Cloud]" type="java.lang.AssertionError">
      <![CDATA[java.lang.AssertionError: The following asserts failed:
Page Title is not as expected! expected [Lambda Test] but found [Selenium Grid Online | Run Selenium Test On Cloud]
at org.testng.asserts.SoftAssert.assertAll(SoftAssert.java:46)
at org.testng.asserts.SoftAssert.assertAll(SoftAssert.java:30)
at TestNgPKG.window_10_FFox_TNg.Scenario1(window_10_FFox_TNg.java:75)
at java.base/jdk.internal.reflect.DirectMethodHandleAccessor.invoke(DirectMethodHandleAccessor.java:103)
at java.base/java.lang.reflect.Method.invoke(Method.java:580)
at org.testng.internal.invokers.MethodInvocationHelper.invokeMethod(MethodInvocationHelper.java:139)
at org.testng.internal.invokers.InvokeMethodRunnable.runOne(InvokeMethodRunnable.java:47)
at org.testng.internal.invokers.InvokeMethodRunnable.call(InvokeMethodRunnable.java:76)
at org.testng.internal.invokers.InvokeMethodRunnable.call(InvokeMethodRunnable.java:11)
at java.base/java.util.concurrent.FutureTask.run(FutureTask.java:317)
at java.base/java.util.concurrent.ThreadPoolExecutor.runWorker(ThreadPoolExecutor.java:1144)
at java.base/java.util.concurrent.ThreadPoolExecutor$Worker.run(ThreadPoolExecutor.java:642)
at java.base/java.lang.Thread.run(Thread.java:1575)
]]>
    </failure>
  </testcase> <!-- Scenario1 -->
  <system-out/>
</testsuite> <!-- TestNgPKG.window_10_FFox_TNg -->
